[debug] [2021-10-25T22:22:01.864Z] ----------------------------------------------------------------------
[debug] [2021-10-25T22:22:01.869Z] Command:       C:\Program Files\nodejs\node.exe C:\Users\DAVID\AppData\Roaming\npm\node_modules\firebase-tools\lib\bin\firebase.js init
[debug] [2021-10-25T22:22:01.870Z] CLI Version:   9.21.0
[debug] [2021-10-25T22:22:01.871Z] Platform:      win32
[debug] [2021-10-25T22:22:01.871Z] Node Version:  v14.17.4
[debug] [2021-10-25T22:22:01.873Z] Time:          Mon Oct 25 2021 17:22:01 GMT-0500 (hora estándar de Colombia)
[debug] [2021-10-25T22:22:01.873Z] ----------------------------------------------------------------------
[debug] 
[debug] [2021-10-25T22:22:01.877Z] >>> [apiv2][query] GET https://firebase-public.firebaseio.com/cli.json [none]
[debug] [2021-10-25T22:22:01.943Z] > command requires scopes: ["email","openid","https://www.googleapis.com/auth/cloudplatformprojects.readonly","https://www.googleapis.com/auth/firebase","https://www.googleapis.com/auth/cloud-platform"]
[debug] [2021-10-25T22:22:01.943Z] > authorizing via signed-in user (davidcardonagarcia711@gmail.com)
[info] 
     ######## #### ########  ######## ########     ###     ######  ########
     ##        ##  ##     ## ##       ##     ##  ##   ##  ##       ##
     ######    ##  ########  ######   ########  #########  ######  ######
     ##        ##  ##    ##  ##       ##     ## ##     ##       ## ##
     ##       #### ##     ## ######## ########  ##     ##  ######  ########

You're about to initialize a Firebase project in this directory:

  C:\Users\DAVID\Desktop\Reto Técnico\app-clima

[debug] [2021-10-25T22:22:02.395Z] <<< [apiv2][status] GET https://firebase-public.firebaseio.com/cli.json 200
[debug] [2021-10-25T22:22:02.396Z] <<< [apiv2][body] GET https://firebase-public.firebaseio.com/cli.json {"cloudBuildErrorAfter":1594252800000,"cloudBuildWarnAfter":1590019200000,"defaultNode10After":1594252800000,"minVersion":"3.0.5","node8DeploysDisabledAfter":1613390400000,"node8RuntimeDisabledAfter":1615809600000,"node8WarnAfter":1600128000000}
